app/build/intermediates/manifest_merge_blame_file/debug/manifest-merger-blame-debug-report.txt
1<?xml version="1.0" encoding="utf-8"?>
2<manifest xmlns:android="http://schemas.android.com/apk/res/android"
3    package="com.comp90018.lovealarm"
4    android:versionCode="1"
5    android:versionName="1.0" >
6
7    <uses-sdk
8        android:minSdkVersion="21"
8-->src/main/AndroidManifest.xml
9        android:targetSdkVersion="31" />
9-->src/main/AndroidManifest.xml
10
11    <uses-permission android:name="android.permission.INTERNET" />
11-->[com.google.firebase:firebase-auth:21.0.1] AndroidManifest.xml:23:5-67
11-->[com.google.firebase:firebase-auth:21.0.1] AndroidManifest.xml:23:22-64
12    <uses-permission android:name="android.permission.ACCESS_NETWORK_STATE" />
12-->[com.google.firebase:firebase-auth:21.0.1] AndroidManifest.xml:24:5-79
12-->[com.google.firebase:firebase-auth:21.0.1] AndroidManifest.xml:24:22-76
13    <uses-permission android:name="android.permission.WAKE_LOCK" />
13-->[com.google.android.gms:play-services-measurement-api:19.0.1] AndroidManifest.xml:24:5-68
13-->[com.google.android.gms:play-services-measurement-api:19.0.1] AndroidManifest.xml:24:22-65
14    <uses-permission android:name="com.google.android.finsky.permission.BIND_GET_INSTALL_REFERRER_SERVICE" />
14-->[com.google.android.gms:play-services-measurement:19.0.1] AndroidManifest.xml:26:5-110
14-->[com.google.android.gms:play-services-measurement:19.0.1] AndroidManifest.xml:26:22-107
15
16    <application
16-->src/main/AndroidManifest.xml:5:5-26:19
17        android:allowBackup="true"
17-->src/main/AndroidManifest.xml:6:9-35
18        android:appComponentFactory="androidx.core.app.CoreComponentFactory"
18-->[androidx.core:core:1.3.1] AndroidManifest.xml:24:18-86
19        android:debuggable="true"
20        android:icon="@mipmap/ic_launcher"
20-->src/main/AndroidManifest.xml:7:9-43
21        android:label="@string/app_name"
21-->src/main/AndroidManifest.xml:8:9-41
22        android:roundIcon="@mipmap/ic_launcher_round"
22-->src/main/AndroidManifest.xml:9:9-54
23        android:supportsRtl="true"
23-->src/main/AndroidManifest.xml:10:9-35
24        android:testOnly="true"
25        android:theme="@style/Theme.MyApp" >
25-->src/main/AndroidManifest.xml:11:9-43
26        <activity
26-->src/main/AndroidManifest.xml:12:9-20:16
27            android:name="com.comp90018.lovealarm.RegisterActivity"
27-->src/main/AndroidManifest.xml:13:13-45
28            android:exported="true" >
28-->src/main/AndroidManifest.xml:14:13-36
29            <intent-filter>
29-->src/main/AndroidManifest.xml:15:9-19:25
30                <action android:name="android.intent.action.MAIN" />
30-->src/main/AndroidManifest.xml:16:13-65
30-->src/main/AndroidManifest.xml:16:21-62
31
32                <category android:name="android.intent.category.LAUNCHER" />
32-->src/main/AndroidManifest.xml:18:13-73
32-->src/main/AndroidManifest.xml:18:23-70
33            </intent-filter>
34        </activity>
35        <activity
35-->src/main/AndroidManifest.xml:21:9-25:20
36            android:name="com.comp90018.lovealarm.MainActivity"
36-->src/main/AndroidManifest.xml:22:13-41
37            android:exported="true" >
37-->src/main/AndroidManifest.xml:23:13-36
38        </activity>
39        <activity
39-->[com.google.firebase:firebase-auth:21.0.1] AndroidManifest.xml:27:9-44:20
40            android:name="com.google.firebase.auth.internal.GenericIdpActivity"
40-->[com.google.firebase:firebase-auth:21.0.1] AndroidManifest.xml:28:13-80
41            android:excludeFromRecents="true"
41-->[com.google.firebase:firebase-auth:21.0.1] AndroidManifest.xml:29:13-46
42            android:exported="true"
42-->[com.google.firebase:firebase-auth:21.0.1] AndroidManifest.xml:30:13-36
43            android:launchMode="singleTask"
43-->[com.google.firebase:firebase-auth:21.0.1] AndroidManifest.xml:31:13-44
44            android:theme="@android:style/Theme.Translucent.NoTitleBar" >
44-->[com.google.firebase:firebase-auth:21.0.1] AndroidManifest.xml:32:13-72
45            <intent-filter>
45-->[com.google.firebase:firebase-auth:21.0.1] AndroidManifest.xml:33:13-43:29
46                <action android:name="android.intent.action.VIEW" />
46-->[com.google.firebase:firebase-auth:21.0.1] AndroidManifest.xml:34:17-69
46-->[com.google.firebase:firebase-auth:21.0.1] AndroidManifest.xml:34:25-66
47
48                <category android:name="android.intent.category.DEFAULT" />
48-->[com.google.firebase:firebase-auth:21.0.1] AndroidManifest.xml:36:17-76
48-->[com.google.firebase:firebase-auth:21.0.1] AndroidManifest.xml:36:27-73
49                <category android:name="android.intent.category.BROWSABLE" />
49-->[com.google.firebase:firebase-auth:21.0.1] AndroidManifest.xml:37:17-78
49-->[com.google.firebase:firebase-auth:21.0.1] AndroidManifest.xml:37:27-75
50
51                <data
51-->[com.google.firebase:firebase-auth:21.0.1] AndroidManifest.xml:39:17-42:51
52                    android:host="firebase.auth"
52-->[com.google.firebase:firebase-auth:21.0.1] AndroidManifest.xml:40:21-49
53                    android:path="/"
53-->[com.google.firebase:firebase-auth:21.0.1] AndroidManifest.xml:41:21-37
54                    android:scheme="genericidp" />
54-->[com.google.firebase:firebase-auth:21.0.1] AndroidManifest.xml:42:21-48
55            </intent-filter>
56        </activity>
57        <activity
57-->[com.google.firebase:firebase-auth:21.0.1] AndroidManifest.xml:45:9-62:20
58            android:name="com.google.firebase.auth.internal.RecaptchaActivity"
58-->[com.google.firebase:firebase-auth:21.0.1] AndroidManifest.xml:46:13-79
59            android:excludeFromRecents="true"
59-->[com.google.firebase:firebase-auth:21.0.1] AndroidManifest.xml:47:13-46
60            android:exported="true"
60-->[com.google.firebase:firebase-auth:21.0.1] AndroidManifest.xml:48:13-36
61            android:launchMode="singleTask"
61-->[com.google.firebase:firebase-auth:21.0.1] AndroidManifest.xml:49:13-44
62            android:theme="@android:style/Theme.Translucent.NoTitleBar" >
62-->[com.google.firebase:firebase-auth:21.0.1] AndroidManifest.xml:50:13-72
63            <intent-filter>
63-->[com.google.firebase:firebase-auth:21.0.1] AndroidManifest.xml:51:13-61:29
64                <action android:name="android.intent.action.VIEW" />
64-->[com.google.firebase:firebase-auth:21.0.1] AndroidManifest.xml:34:17-69
64-->[com.google.firebase:firebase-auth:21.0.1] AndroidManifest.xml:34:25-66
65
66                <category android:name="android.intent.category.DEFAULT" />
66-->[com.google.firebase:firebase-auth:21.0.1] AndroidManifest.xml:36:17-76
66-->[com.google.firebase:firebase-auth:21.0.1] AndroidManifest.xml:36:27-73
67                <category android:name="android.intent.category.BROWSABLE" />
67-->[com.google.firebase:firebase-auth:21.0.1] AndroidManifest.xml:37:17-78
67-->[com.google.firebase:firebase-auth:21.0.1] AndroidManifest.xml:37:27-75
68
69                <data
69-->[com.google.firebase:firebase-auth:21.0.1] AndroidManifest.xml:39:17-42:51
70                    android:host="firebase.auth"
70-->[com.google.firebase:firebase-auth:21.0.1] AndroidManifest.xml:40:21-49
71                    android:path="/"
71-->[com.google.firebase:firebase-auth:21.0.1] AndroidManifest.xml:41:21-37
72                    android:scheme="recaptcha" />
72-->[com.google.firebase:firebase-auth:21.0.1] AndroidManifest.xml:42:21-48
73            </intent-filter>
74        </activity>
75
76        <service
76-->[com.google.firebase:firebase-auth:21.0.1] AndroidManifest.xml:64:9-73:19
77            android:name="com.google.firebase.auth.api.fallback.service.FirebaseAuthFallbackService"
77-->[com.google.firebase:firebase-auth:21.0.1] AndroidManifest.xml:65:13-101
78            android:enabled="true"
78-->[com.google.firebase:firebase-auth:21.0.1] AndroidManifest.xml:66:13-35
79            android:exported="false" >
79-->[com.google.firebase:firebase-auth:21.0.1] AndroidManifest.xml:67:13-37
80            <intent-filter>
80-->[com.google.firebase:firebase-auth:21.0.1] AndroidManifest.xml:68:13-72:29
81                <action android:name="com.google.firebase.auth.api.gms.service.START" />
81-->[com.google.firebase:firebase-auth:21.0.1] AndroidManifest.xml:69:17-89
81-->[com.google.firebase:firebase-auth:21.0.1] AndroidManifest.xml:69:25-86
82
83                <category android:name="android.intent.category.DEFAULT" />
83-->[com.google.firebase:firebase-auth:21.0.1] AndroidManifest.xml:36:17-76
83-->[com.google.firebase:firebase-auth:21.0.1] AndroidManifest.xml:36:27-73
84            </intent-filter>
85        </service>
86        <service
86-->[com.google.firebase:firebase-auth:21.0.1] AndroidManifest.xml:74:9-80:19
87            android:name="com.google.firebase.components.ComponentDiscoveryService"
87-->[com.google.firebase:firebase-auth:21.0.1] AndroidManifest.xml:75:13-84
88            android:directBootAware="true"
88-->[com.google.firebase:firebase-common:20.0.0] AndroidManifest.xml:35:13-43
89            android:exported="false" >
89-->[com.google.firebase:firebase-auth:21.0.1] AndroidManifest.xml:76:13-37
90            <meta-data
90-->[com.google.firebase:firebase-auth:21.0.1] AndroidManifest.xml:77:13-79:85
91                android:name="com.google.firebase.components:com.google.firebase.auth.FirebaseAuthRegistrar"
91-->[com.google.firebase:firebase-auth:21.0.1] AndroidManifest.xml:78:17-109
92                android:value="com.google.firebase.components.ComponentRegistrar" />
92-->[com.google.firebase:firebase-auth:21.0.1] AndroidManifest.xml:79:17-82
93            <meta-data
93-->[com.google.firebase:firebase-database:20.0.2] AndroidManifest.xml:32:13-34:85
94                android:name="com.google.firebase.components:com.google.firebase.database.DatabaseRegistrar"
94-->[com.google.firebase:firebase-database:20.0.2] AndroidManifest.xml:33:17-109
95                android:value="com.google.firebase.components.ComponentRegistrar" />
95-->[com.google.firebase:firebase-database:20.0.2] AndroidManifest.xml:34:17-82
96            <meta-data
96-->[com.google.android.gms:play-services-measurement-api:19.0.1] AndroidManifest.xml:30:13-32:85
97                android:name="com.google.firebase.components:com.google.firebase.analytics.connector.internal.AnalyticsConnectorRegistrar"
97-->[com.google.android.gms:play-services-measurement-api:19.0.1] AndroidManifest.xml:31:17-139
98                android:value="com.google.firebase.components.ComponentRegistrar" />
98-->[com.google.android.gms:play-services-measurement-api:19.0.1] AndroidManifest.xml:32:17-82
99            <meta-data
99-->[com.google.firebase:firebase-installations:17.0.0] AndroidManifest.xml:18:13-20:85
100                android:name="com.google.firebase.components:com.google.firebase.installations.FirebaseInstallationsRegistrar"
100-->[com.google.firebase:firebase-installations:17.0.0] AndroidManifest.xml:19:17-127
101                android:value="com.google.firebase.components.ComponentRegistrar" />
101-->[com.google.firebase:firebase-installations:17.0.0] AndroidManifest.xml:20:17-82
102        </service>
103
104        <provider
104-->[com.google.firebase:firebase-common:20.0.0] AndroidManifest.xml:26:9-31:39
105            android:name="com.google.firebase.provider.FirebaseInitProvider"
105-->[com.google.firebase:firebase-common:20.0.0] AndroidManifest.xml:27:13-77
106            android:authorities="com.comp90018.lovealarm.firebaseinitprovider"
106-->[com.google.firebase:firebase-common:20.0.0] AndroidManifest.xml:28:13-72
107            android:directBootAware="true"
107-->[com.google.firebase:firebase-common:20.0.0] AndroidManifest.xml:29:13-43
108            android:exported="false"
108-->[com.google.firebase:firebase-common:20.0.0] AndroidManifest.xml:30:13-37
109            android:initOrder="100" />
109-->[com.google.firebase:firebase-common:20.0.0] AndroidManifest.xml:31:13-36
110
111        <activity
111-->[com.google.android.gms:play-services-base:17.1.0] AndroidManifest.xml:23:9-26:75
112            android:name="com.google.android.gms.common.api.GoogleApiActivity"
112-->[com.google.android.gms:play-services-base:17.1.0] AndroidManifest.xml:24:13-79
113            android:exported="false"
113-->[com.google.android.gms:play-services-base:17.1.0] AndroidManifest.xml:25:13-37
114            android:theme="@android:style/Theme.Translucent.NoTitleBar" />
114-->[com.google.android.gms:play-services-base:17.1.0] AndroidManifest.xml:26:13-72
115
116        <receiver
116-->[com.google.android.gms:play-services-measurement:19.0.1] AndroidManifest.xml:29:9-33:20
117            android:name="com.google.android.gms.measurement.AppMeasurementReceiver"
117-->[com.google.android.gms:play-services-measurement:19.0.1] AndroidManifest.xml:30:13-85
118            android:enabled="true"
118-->[com.google.android.gms:play-services-measurement:19.0.1] AndroidManifest.xml:31:13-35
119            android:exported="false" >
119-->[com.google.android.gms:play-services-measurement:19.0.1] AndroidManifest.xml:32:13-37
120        </receiver>
121
122        <service
122-->[com.google.android.gms:play-services-measurement:19.0.1] AndroidManifest.xml:35:9-38:40
123            android:name="com.google.android.gms.measurement.AppMeasurementService"
123-->[com.google.android.gms:play-services-measurement:19.0.1] AndroidManifest.xml:36:13-84
124            android:enabled="true"
124-->[com.google.android.gms:play-services-measurement:19.0.1] AndroidManifest.xml:37:13-35
125            android:exported="false" />
125-->[com.google.android.gms:play-services-measurement:19.0.1] AndroidManifest.xml:38:13-37
126        <service
126-->[com.google.android.gms:play-services-measurement:19.0.1] AndroidManifest.xml:39:9-43:72
127            android:name="com.google.android.gms.measurement.AppMeasurementJobService"
127-->[com.google.android.gms:play-services-measurement:19.0.1] AndroidManifest.xml:40:13-87
128            android:enabled="true"
128-->[com.google.android.gms:play-services-measurement:19.0.1] AndroidManifest.xml:41:13-35
129            android:exported="false"
129-->[com.google.android.gms:play-services-measurement:19.0.1] AndroidManifest.xml:42:13-37
130            android:permission="android.permission.BIND_JOB_SERVICE" />
130-->[com.google.android.gms:play-services-measurement:19.0.1] AndroidManifest.xml:43:13-69
131
132        <meta-data
132-->[com.google.android.gms:play-services-basement:17.1.0] AndroidManifest.xml:23:9-25:69
133            android:name="com.google.android.gms.version"
133-->[com.google.android.gms:play-services-basement:17.1.0] AndroidManifest.xml:24:13-58
134            android:value="@integer/google_play_services_version" />
134-->[com.google.android.gms:play-services-basement:17.1.0] AndroidManifest.xml:25:13-66
135    </application>
136
137</manifest>